e:\worklaby\raywindows\raytrace\src\pbrt.vs2013\raytracelib\debug\vc120.pdb
e:\worklaby\raywindows\raytrace\src\pbrt.vs2013\raytracelib\debug\vc120.idb
e:\worklaby\raywindows\raytrace\src\pbrt.vs2013\raytracelib\debug\jittered.obj
e:\worklaby\raywindows\raytrace\src\pbrt.vs2013\raytracelib\debug\multijittered.obj
e:\worklaby\raywindows\raytrace\src\pbrt.vs2013\raytracelib\debug\nrooks.obj
e:\worklaby\raywindows\raytrace\src\pbrt.vs2013\raytracelib\debug\purerandom.obj
e:\worklaby\raywindows\raytrace\src\pbrt.vs2013\raytracelib\debug\regular.obj
e:\worklaby\raywindows\raytrace\src\pbrt.vs2013\raytracelib\debug\sampler.obj
e:\worklaby\raywindows\raytrace\src\pbrt.vs2013\raytracelib\debug\singlesphere.obj
e:\worklaby\raywindows\raytrace\src\pbrt.vs2013\raytracelib\debug\tracer.obj
e:\worklaby\raywindows\raytrace\src\pbrt.vs2013\raytracelib\debug\bbox.obj
e:\worklaby\raywindows\raytrace\src\pbrt.vs2013\raytracelib\debug\maths.obj
e:\worklaby\raywindows\raytrace\src\pbrt.vs2013\raytracelib\debug\matrix.obj
e:\worklaby\raywindows\raytrace\src\pbrt.vs2013\raytracelib\debug\normal.obj
e:\worklaby\raywindows\raytrace\src\pbrt.vs2013\raytracelib\debug\point2d.obj
e:\worklaby\raywindows\raytrace\src\pbrt.vs2013\raytracelib\debug\point3d.obj
e:\worklaby\raywindows\raytrace\src\pbrt.vs2013\raytracelib\debug\ray.obj
e:\worklaby\raywindows\raytrace\src\pbrt.vs2013\raytracelib\debug\rgbcolor.obj
e:\worklaby\raywindows\raytrace\src\pbrt.vs2013\raytracelib\debug\shaderec.obj
e:\worklaby\raywindows\raytrace\src\pbrt.vs2013\raytracelib\debug\vector3d.obj
e:\worklaby\raywindows\raytrace\src\pbrt.vs2013\raytracelib\debug\viewplane.obj
e:\worklaby\raywindows\raytrace\src\pbrt.vs2013\raytracelib\debug\world.obj
e:\worklaby\raywindows\raytrace\src\pbrt.vs2013\raytracelib\debug\geometricobject.obj
e:\worklaby\raywindows\raytrace\src\pbrt.vs2013\raytracelib\debug\plane.obj
e:\worklaby\raywindows\raytrace\src\pbrt.vs2013\raytracelib\debug\sphere.obj
e:\worklaby\raywindows\raytrace\src\pbrt.vs2013\raytracelib\debug\material.obj
e:\worklaby\raywindows\raytrace\src\pbrt.vs2013\raytracelib\debug\raytracelib.obj
e:\worklaby\raywindows\raytrace\src\pbrt.vs2013\raytracelib\debug\hammersley.obj
e:\worklaby\raywindows\raytrace\lib\raytracelib.lib
e:\worklaby\raywindows\raytrace\src\pbrt.vs2013\raytracelib\..\..\..\lib\raytracelib.lib
e:\worklaby\raywindows\raytrace\src\pbrt.vs2013\raytracelib\debug\raytracelib.tlog\cl.command.1.tlog
e:\worklaby\raywindows\raytrace\src\pbrt.vs2013\raytracelib\debug\raytracelib.tlog\cl.read.1.tlog
e:\worklaby\raywindows\raytrace\src\pbrt.vs2013\raytracelib\debug\raytracelib.tlog\cl.write.1.tlog
e:\worklaby\raywindows\raytrace\src\pbrt.vs2013\raytracelib\debug\raytracelib.tlog\lib-link.read.1.tlog
e:\worklaby\raywindows\raytrace\src\pbrt.vs2013\raytracelib\debug\raytracelib.tlog\lib-link.write.1.tlog
e:\worklaby\raywindows\raytrace\src\pbrt.vs2013\raytracelib\debug\raytracelib.tlog\lib.command.1.tlog
