e:\worklaby\raywindows\raytrace\bin\debug\vc120.pdb
e:\worklaby\raywindows\raytrace\bin\debug\moc_raytracewindows.obj
e:\worklaby\raywindows\raytrace\bin\debug\renderthread.obj
e:\worklaby\raywindows\raytrace\bin\debug\raytracewindows.obj
e:\worklaby\raywindows\raytrace\bin\debug\main.obj
e:\worklaby\raywindows\raytrace\bin\debug\qrc_raytracewindows.obj
e:\worklaby\raywindows\raytrace\src\pbrt.vs2013\raytracewindows\generatedfiles\qrc_raytracewindows.cpp
e:\worklaby\raywindows\raytrace\src\pbrt.vs2013\raytracewindows\generatedfiles\ui_raytracewindows.h
e:\worklaby\raywindows\raytrace\src\pbrt.vs2013\raytracewindows\generatedfiles\debug\moc_raytracewindows.cpp
e:\worklaby\raywindows\raytrace\bin\raytracewindows.ilk
e:\worklaby\raywindows\raytrace\bin\raytracewindows.exe
e:\worklaby\raywindows\raytrace\bin\raytracewindows.pdb
e:\worklaby\raywindows\raytrace\bin\debug\raytracewindows.res
e:\worklaby\raywindows\raytrace\src\pbrt.vs2013\raytracewindows\..\..\..\bin\raytracewindows.exe
e:\worklaby\raywindows\raytrace\bin\debug\raytracewindows.tlog\cl.command.1.tlog
e:\worklaby\raywindows\raytrace\bin\debug\raytracewindows.tlog\cl.read.1.tlog
e:\worklaby\raywindows\raytrace\bin\debug\raytracewindows.tlog\cl.write.1.tlog
e:\worklaby\raywindows\raytrace\bin\debug\raytracewindows.tlog\custombuild.command.1.tlog
e:\worklaby\raywindows\raytrace\bin\debug\raytracewindows.tlog\custombuild.read.1.tlog
e:\worklaby\raywindows\raytrace\bin\debug\raytracewindows.tlog\custombuild.write.1.tlog
e:\worklaby\raywindows\raytrace\bin\debug\raytracewindows.tlog\link.command.1.tlog
e:\worklaby\raywindows\raytrace\bin\debug\raytracewindows.tlog\link.read.1.tlog
e:\worklaby\raywindows\raytrace\bin\debug\raytracewindows.tlog\link.write.1.tlog
e:\worklaby\raywindows\raytrace\bin\debug\raytracewindows.tlog\rc.command.1.tlog
e:\worklaby\raywindows\raytrace\bin\debug\raytracewindows.tlog\rc.read.1.tlog
e:\worklaby\raywindows\raytrace\bin\debug\raytracewindows.tlog\rc.write.1.tlog
e:\worklaby\raywindows\raytrace\bin\debug\raytracewindows.tlog\..\..\..\bin\raytracewindows.pdb
e:\worklaby\raywindows\raytrace\bin\debug\raytracewindows.tlog\..\..\..\bin\raytracewindows.ilk
