生成启动时间为 2016/3/13 19:26:12。
     1>项目“E:\WorkLaby\RayWindows\RayTrace\src\pbrt.vs2013\RayTraceWindows\RayTraceWindows.vcxproj”在节点 2 上(Rebuild 个目标)。
     1>CustomBuild:
         Rcc'ing ..\..\RayTraceWindows\resource\raytracewindows.qrc...
         Uic'ing ..\..\RayTraceWindows\form\raytracewindows.ui...
         Moc'ing raytracewindows.h...
       ClCompile:
         C:\Program Files (x86)\Microsoft Visual Studio 12.0\VC\bin\CL.exe /c /I.\GeneratedFiles /I. /ID:\Qt\Qt5.5.0\5.5\msvc2013\include /I..\..\..\src\RayTraceLib /I..\..\..\src\RayTraceLib\Utilities /I..\..\..\src\RayTraceLib\World /I..\..\..\src\RayTraceLib\Tracers /I..\..\..\src\RayTraceLib\Samplers /I"..\..\..\src\RayTraceLib\Geometric Objects" /I"..\..\..\src\RayTraceLib\Geometric Objects\Compound Objects" /I"..\..\..\src\RayTraceLib\Geometric Objects\Part Objects" /I"..\..\..\src\RayTraceLib\Geometric Objects\Triangles" /I"..\..\..\src\RayTraceLib\Geometric Objects\Primitives" /I.\GeneratedFiles\Debug /ID:\Qt\Qt5.5.0\5.5\msvc2013\include\QtCore /ID:\Qt\Qt5.5.0\5.5\msvc2013\include\QtGui /ID:\Qt\Qt5.5.0\5.5\msvc2013\include\QtWidgets /Zi /nologo /W1 /WX- /Od /Oy- /D UNICODE /D WIN32 /D WIN64 /D QT_DLL /D QT_CORE_LIB /D QT_GUI_LIB /D QT_WIDGETS_LIB /Gm- /EHsc /MDd /GS /fp:precise /Zc:wchar_t /Zc:forScope /Fo"..\..\..\bin\Debug\\" /Fd"..\..\..\bin\Debug\vc120.pdb" /Gd /TP /analyze- /errorReport:prompt ..\..\RayTraceWindows\src\main.cpp ..\..\RayTraceWindows\src\raytracewindows.cpp ..\..\RayTraceWindows\src\RenderThread.cpp GeneratedFiles\Debug\moc_raytracewindows.cpp
         main.cpp
         raytracewindows.cpp
         RenderThread.cpp
         moc_raytracewindows.cpp
         正在生成代码...
         C:\Program Files (x86)\Microsoft Visual Studio 12.0\VC\bin\CL.exe /c /I.\GeneratedFiles /I. /ID:\Qt\Qt5.5.0\5.5\msvc2013\include /I..\..\..\src\RayTraceLib /I..\..\..\src\RayTraceLib\Utilities /I..\..\..\src\RayTraceLib\World /I..\..\..\src\RayTraceLib\Tracers /I..\..\..\src\RayTraceLib\Samplers /I"..\..\..\src\RayTraceLib\Geometric Objects" /I"..\..\..\src\RayTraceLib\Geometric Objects\Compound Objects" /I"..\..\..\src\RayTraceLib\Geometric Objects\Part Objects" /I"..\..\..\src\RayTraceLib\Geometric Objects\Triangles" /I"..\..\..\src\RayTraceLib\Geometric Objects\Primitives" /I.\GeneratedFiles\Debug /ID:\Qt\Qt5.5.0\5.5\msvc2013\include\QtCore /ID:\Qt\Qt5.5.0\5.5\msvc2013\include\QtGui /ID:\Qt\Qt5.5.0\5.5\msvc2013\include\QtWidgets /Zi /nologo /W1 /WX- /Od /Oy- /D UNICODE /D WIN32 /D WIN64 /D QT_DLL /D QT_CORE_LIB /D QT_GUI_LIB /D QT_WIDGETS_LIB /Gm- /EHsc /MDd /GS /fp:precise /Zc:wchar_t /Zc:forScope /Fo"..\..\..\bin\Debug\\" /Fd"..\..\..\bin\Debug\vc120.pdb" /Gd /TP /analyze- /errorReport:prompt GeneratedFiles\qrc_raytracewindows.cpp
         qrc_raytracewindows.cpp
       ResourceCompile:
         C:\Program Files (x86)\Windows Kits\8.1\bin\x86\rc.exe /l"0x0409" /nologo /fo"..\..\..\bin\Debug\RayTraceWindows.res" ..\..\RayTraceWindows\resource\RayTraceWindows.rc 
       Link:
         C:\Program Files (x86)\Microsoft Visual Studio 12.0\VC\bin\link.exe /ERRORREPORT:PROMPT /OUT:"..\..\..\bin\\RayTraceWindows.exe" /NOLOGO /LIBPATH:D:\Qt\Qt5.5.0\5.5\msvc2013\lib /LIBPATH:..\..\..\lib qtmaind.lib Qt5Cored.lib Qt5Guid.lib Qt5Widgetsd.lib Qt5Quick.lib RayTraceLib.lib kernel32.lib user32.lib gdi32.lib winspool.lib comdlg32.lib advapi32.lib shell32.lib ole32.lib oleaut32.lib uuid.lib odbc32.lib odbccp32.lib /MANIFEST /MANIFESTUAC:"level='asInvoker' uiAccess='false'" /manifest:embed /DEBUG /PDB:"..\..\..\bin\RayTraceWindows.pdb" /SUBSYSTEM:WINDOWS /TLBID:1 /DYNAMICBASE /NXCOMPAT /IMPLIB:"..\..\..\bin\RayTraceWindows.lib" /MACHINE:X86 /SAFESEH ..\..\..\bin\Debug\RayTraceWindows.res
         ..\..\..\bin\Debug\main.obj
         ..\..\..\bin\Debug\raytracewindows.obj
         ..\..\..\bin\Debug\RenderThread.obj
         ..\..\..\bin\Debug\moc_raytracewindows.obj
         ..\..\..\bin\Debug\qrc_raytracewindows.obj
     1>RayTraceLib.lib(RGBColor.obj) : warning LNK4075: 忽略“/EDITANDCONTINUE”(由于“/SAFESEH”规范)
         RayTraceWindows.vcxproj -> E:\WorkLaby\RayWindows\RayTrace\src\pbrt.vs2013\RayTraceWindows\..\..\..\bin\RayTraceWindows.exe
     1>已完成生成项目“E:\WorkLaby\RayWindows\RayTrace\src\pbrt.vs2013\RayTraceWindows\RayTraceWindows.vcxproj”(Rebuild 个目标)的操作。

生成成功。

已用时间 00:00:03.50
